<?xml version="1.0" encoding="UTF-8"?>
<testsuite xmlns:xsi="http://www.w3.org/2001/XMLSchema-instance" xsi:noNamespaceSchemaLocation="https://maven.apache.org/surefire/maven-surefire-plugin/xsd/surefire-test-report-3.0.xsd" version="3.0" name="com.csc340.restapi.RestApiApplicationTests" time="9.096" tests="1" errors="0" skipped="0" failures="0">
  <properties>
[...]
</properties>
  <testcase name="contextLoads" classname="com.csc340.restapi.RestApiApplicationTests" time="2.329">
    <system-out><![CDATA[09:53:35.921 [main] INFO org.springframework.test.context.support.AnnotationConfigContextLoaderUtils -- Could not detect default configuration classes for test class [com.csc340.restapi.RestApiApplicationTests]: RestApiApplicationTests does not declare any static, non-private, non-final, nested classes annotated with @Configuration.
09:53:36.495 [main] INFO org.springframework.boot.test.context.SpringBootTestContextBootstrapper -- Found @SpringBootConfiguration com.csc340.restapi.RestApiApplication for test class com.csc340.restapi.RestApiApplicationTests
09:53:37.091 [main] INFO org.springframework.boot.devtools.restart.RestartApplicationListener -- Restart disabled due to context in which it is running

  .   ____          _            __ _ _
 /\\ / ___'_ __ _ _(_)_ __  __ _ \ \ \ \
( ( )\___ | '_ | '_| | '_ \/ _` | \ \ \ \
 \\/  ___)| |_)| | | | | || (_| |  ) ) ) )
  '  |____| .__|_| |_|_| |_\__, | / / / /
 =========|_|==============|___/=/_/_/_/
 :: Spring Boot ::                (v3.2.2)

2024-01-30T09:53:37.858-05:00  INFO 17779 --- [           main] c.c.restapi.RestApiApplicationTests      : Starting RestApiApplicationTests using Java 17.0.2 with PID 17779 (started by jayden in /Users/jayden/Library/CloudStorage/OneDrive-UNCG/Spring2024Workspace/rest-api-demo-main)
2024-01-30T09:53:37.862-05:00  INFO 17779 --- [           main] c.c.restapi.RestApiApplicationTests      : No active profile set, falling back to 1 default profile: "default"
2024-01-30T09:53:41.802-05:00  INFO 17779 --- [           main] c.c.restapi.RestApiApplicationTests      : Started RestApiApplicationTests in 4.766 seconds (process running for 9.424)
]]></system-out>
  </testcase>
</testsuite>